[29Oct2022 23:44:55.436] [main/INFO] [cpw.mods.modlauncher.Launcher/MODLAUNCHER]: ModLauncher running: args [--username, QuestforKing, --version, 1.16.5, --gameDir, C:/Users/nc471/AppData/Roaming/PrismLauncher/instances/WingMingCraft/.minecraft, --assetsDir, C:/Users/nc471/AppData/Roaming/PrismLauncher/assets, --assetIndex, 1.16, --uuid, 68ea24eb10584d58881bcfbe46e93be1, --accessToken, ????????, --userType, msa, --versionType, release, --launchTarget, fmlclient, --fml.forgeVersion, 36.2.39, --fml.mcVersion, 1.16.5, --fml.forgeGroup, net.minecraftforge, --fml.mcpVersion, 20210115.111550, --width, 854, --height, 480]
[29Oct2022 23:44:55.439] [main/INFO] [cpw.mods.modlauncher.Launcher/MODLAUNCHER]: ModLauncher 8.1.3+8.1.3+main-8.1.x.c94d18ec starting: java version 1.8.0_333 by Oracle Corporation
[29Oct2022 23:44:55.842] [main/INFO] [net.minecraftforge.fml.loading.FixSSL/CORE]: Added Lets Encrypt root certificates as additional trust
[29Oct2022 23:44:55.871] [main/INFO] [mixin/]: SpongePowered MIXIN Subsystem Version=0.8.4 Source=file:/C:/Users/nc471/AppData/Roaming/PrismLauncher/libraries/org/spongepowered/mixin/0.8.4/mixin-0.8.4.jar Service=ModLauncher Env=CLIENT
[29Oct2022 23:44:57.001] [main/ERROR] [net.minecraftforge.fml.loading.LanguageLoadingProvider/]: Missing language kotlinforforge version [1,) wanted by Bountiful-1.16.4-3.3.1.jar
[29Oct2022 23:44:57.441] [main/INFO] [cpw.mods.modlauncher.LaunchServiceHandler/MODLAUNCHER]: Launching target 'fmlclient' with arguments [--version, 1.16.5, --gameDir, C:\Users\nc471\AppData\Roaming\PrismLauncher\instances\WingMingCraft\.minecraft, --assetsDir, C:\Users\nc471\AppData\Roaming\PrismLauncher\assets, --uuid, 68ea24eb10584d58881bcfbe46e93be1, --username, QuestforKing, --assetIndex, 1.16, --accessToken, ????????, --userType, msa, --versionType, release, --width, 854, --height, 480]
[29Oct2022 23:45:01.896] [Render thread/INFO] [com.mojang.authlib.yggdrasil.YggdrasilAuthenticationService/]: Environment: authHost='https://authserver.mojang.com', accountsHost='https://api.mojang.com', sessionHost='https://sessionserver.mojang.com', servicesHost='https://api.minecraftservices.com', name='PROD'
[29Oct2022 23:45:02.435] [Render thread/INFO] [net.minecraft.client.Minecraft/]: Setting user: QuestforKing
[29Oct2022 23:45:02.562] [Render thread/INFO] [net.minecraft.client.Minecraft/]: Backend library: LWJGL version 3.2.2 build 10
[29Oct2022 23:45:03.247] [Render thread/FATAL] [net.minecraftforge.fml.ModLoader/CORE]: Error during pre-loading phase
net.minecraftforge.fml.ModLoadingException: Mod File Bountiful-1.16.4-3.3.1.jar needs language provider kotlinforforge:1 or above to load
§7We have found none
	at net.minecraftforge.fml.ModLoadingException.lambda$fromEarlyException$0(ModLoadingException.java:50) ~[forge:?]
	at java.util.stream.ReferencePipeline$3$1.accept(Unknown Source) ~[?:1.8.0_333]
	at java.util.ArrayList$ArrayListSpliterator.forEachRemaining(Unknown Source) ~[?:1.8.0_333]
	at java.util.stream.AbstractPipeline.copyInto(Unknown Source) ~[?:1.8.0_333]
	at java.util.stream.AbstractPipeline.wrapAndCopyInto(Unknown Source) ~[?:1.8.0_333]
	at java.util.stream.ForEachOps$ForEachOp.evaluateSequential(Unknown Source) ~[?:1.8.0_333]
	at java.util.stream.ForEachOps$ForEachOp$OfRef.evaluateSequential(Unknown Source) ~[?:1.8.0_333]
	at java.util.stream.AbstractPipeline.evaluate(Unknown Source) ~[?:1.8.0_333]
	at java.util.stream.ReferencePipeline.forEach(Unknown Source) ~[?:1.8.0_333]
	at java.util.stream.ReferencePipeline$7$1.accept(Unknown Source) ~[?:1.8.0_333]
	at java.util.ArrayList$ArrayListSpliterator.forEachRemaining(Unknown Source) ~[?:1.8.0_333]
	at java.util.stream.AbstractPipeline.copyInto(Unknown Source) ~[?:1.8.0_333]
	at java.util.stream.AbstractPipeline.wrapAndCopyInto(Unknown Source) ~[?:1.8.0_333]
	at java.util.stream.ReduceOps$ReduceOp.evaluateSequential(Unknown Source) ~[?:1.8.0_333]
	at java.util.stream.AbstractPipeline.evaluate(Unknown Source) ~[?:1.8.0_333]
	at java.util.stream.ReferencePipeline.collect(Unknown Source) ~[?:1.8.0_333]
	at net.minecraftforge.fml.ModLoader.<init>(ModLoader.java:106) ~[forge:?]
	at net.minecraftforge.fml.ModLoader.get(ModLoader.java:140) ~[forge:?]
	at net.minecraftforge.fml.client.ClientModLoader.lambda$begin$1(ClientModLoader.java:89) ~[forge:?]
	at net.minecraftforge.fml.client.ClientModLoader.lambda$createRunnableWithCatch$4(ClientModLoader.java:109) ~[forge:?]
	at net.minecraftforge.fml.client.ClientModLoader.begin(ClientModLoader.java:89) ~[forge:?]
	at net.minecraft.client.Minecraft.<init>(Minecraft.java:437) ~[?:?]
	at net.minecraft.client.main.Main.main(Main.java:149) ~[minecraft-1.16.5-client.jar:?]
	at sun.reflect.NativeMethodAccessorImpl.invoke0(Native Method) ~[?:1.8.0_333]
	at sun.reflect.NativeMethodAccessorImpl.invoke(Unknown Source) ~[?:1.8.0_333]
	at sun.reflect.DelegatingMethodAccessorImpl.invoke(Unknown Source) ~[?:1.8.0_333]
	at java.lang.reflect.Method.invoke(Unknown Source) ~[?:1.8.0_333]
	at net.minecraftforge.fml.loading.FMLClientLaunchProvider.lambda$launchService$0(FMLClientLaunchProvider.java:37) ~[forge-1.16.5-36.2.39-launcher.jar:36.2]
	at cpw.mods.modlauncher.LaunchServiceHandlerDecorator.launch(LaunchServiceHandlerDecorator.java:37) [modlauncher-8.1.3.jar:?]
	at cpw.mods.modlauncher.LaunchServiceHandler.launch(LaunchServiceHandler.java:54) [modlauncher-8.1.3.jar:?]
	at cpw.mods.modlauncher.LaunchServiceHandler.launch(LaunchServiceHandler.java:72) [modlauncher-8.1.3.jar:?]
	at cpw.mods.modlauncher.Launcher.run(Launcher.java:82) [modlauncher-8.1.3.jar:?]
	at cpw.mods.modlauncher.Launcher.main(Launcher.java:66) [modlauncher-8.1.3.jar:?]
	at sun.reflect.NativeMethodAccessorImpl.invoke0(Native Method) ~[?:1.8.0_333]
	at sun.reflect.NativeMethodAccessorImpl.invoke(Unknown Source) ~[?:1.8.0_333]
	at sun.reflect.DelegatingMethodAccessorImpl.invoke(Unknown Source) ~[?:1.8.0_333]
	at java.lang.reflect.Method.invoke(Unknown Source) ~[?:1.8.0_333]
	at io.github.zekerzhayard.forgewrapper.installer.Main.main(Main.java:57) [ForgeWrapper-mmc2.jar:mmc2]
	at sun.reflect.NativeMethodAccessorImpl.invoke0(Native Method) ~[?:1.8.0_333]
	at sun.reflect.NativeMethodAccessorImpl.invoke(Unknown Source) ~[?:1.8.0_333]
	at sun.reflect.DelegatingMethodAccessorImpl.invoke(Unknown Source) ~[?:1.8.0_333]
	at java.lang.reflect.Method.invoke(Unknown Source) ~[?:1.8.0_333]
	at org.prismlauncher.impl.OneSixLauncher.invokeMain(OneSixLauncher.java:104) [NewLaunch.jar:?]
	at org.prismlauncher.impl.OneSixLauncher.launchWithMainClass(OneSixLauncher.java:176) [NewLaunch.jar:?]
	at org.prismlauncher.impl.OneSixLauncher.launch(OneSixLauncher.java:186) [NewLaunch.jar:?]
	at org.prismlauncher.EntryPoint.listen(EntryPoint.java:144) [NewLaunch.jar:?]
	at org.prismlauncher.EntryPoint.main(EntryPoint.java:74) [NewLaunch.jar:?]
[29Oct2022 23:45:03.343] [Render thread/ERROR] [net.minecraftforge.fml.ModLoader/]: Cowardly refusing to send event net.minecraftforge.client.event.sound.SoundLoadEvent to a broken mod state
[29Oct2022 23:45:03.493] [Render thread/ERROR] [net.minecraftforge.fml.ModLoader/]: Cowardly refusing to send event net.minecraftforge.client.event.ColorHandlerEvent$Block to a broken mod state
[29Oct2022 23:45:03.498] [Render thread/ERROR] [net.minecraftforge.fml.ModLoader/]: Cowardly refusing to send event net.minecraftforge.client.event.ColorHandlerEvent$Item to a broken mod state
[29Oct2022 23:45:04.242] [Render thread/ERROR] [net.minecraftforge.fml.ModLoader/]: Cowardly refusing to send event net.minecraftforge.client.event.ParticleFactoryRegisterEvent to a broken mod state
[29Oct2022 23:45:04.284] [Render thread/INFO] [com.mojang.text2speech.NarratorWindows/]: Narrator library for x64 successfully loaded
[29Oct2022 23:45:04.344] [Render thread/INFO] [net.minecraft.resources.SimpleReloadableResourceManager/]: Reloading ResourceManager: Default
[29Oct2022 23:45:04.465] [Worker-Main-9/ERROR] [net.minecraftforge.fml.ModLoader/]: Cowardly refusing to send event net.minecraftforge.client.event.ModelRegistryEvent to a broken mod state
[29Oct2022 23:45:04.465] [Worker-Main-13/ERROR] [net.minecraftforge.fml.ModLoader/]: Cowardly refusing to send event net.minecraftforge.client.event.TextureStitchEvent$Pre to a broken mod state
[29Oct2022 23:45:04.466] [Worker-Main-10/ERROR] [net.minecraftforge.fml.ModLoader/]: Cowardly refusing to send event net.minecraftforge.client.event.TextureStitchEvent$Pre to a broken mod state
[29Oct2022 23:45:04.468] [Worker-Main-14/ERROR] [net.minecraftforge.fml.ModLoader/]: Cowardly refusing to send event net.minecraftforge.client.event.TextureStitchEvent$Pre to a broken mod state
[29Oct2022 23:45:07.351] [Worker-Main-9/ERROR] [net.minecraftforge.fml.ModLoader/]: Cowardly refusing to send event net.minecraftforge.client.event.TextureStitchEvent$Pre to a broken mod state
[29Oct2022 23:45:07.618] [Worker-Main-9/ERROR] [net.minecraftforge.fml.ModLoader/]: Cowardly refusing to send event net.minecraftforge.client.event.TextureStitchEvent$Pre to a broken mod state
[29Oct2022 23:45:07.622] [Worker-Main-9/ERROR] [net.minecraftforge.fml.ModLoader/]: Cowardly refusing to send event net.minecraftforge.client.event.TextureStitchEvent$Pre to a broken mod state
[29Oct2022 23:45:07.633] [Worker-Main-9/ERROR] [net.minecraftforge.fml.ModLoader/]: Cowardly refusing to send event net.minecraftforge.client.event.TextureStitchEvent$Pre to a broken mod state
[29Oct2022 23:45:07.642] [Worker-Main-9/ERROR] [net.minecraftforge.fml.ModLoader/]: Cowardly refusing to send event net.minecraftforge.client.event.TextureStitchEvent$Pre to a broken mod state
[29Oct2022 23:45:07.647] [Worker-Main-9/ERROR] [net.minecraftforge.fml.ModLoader/]: Cowardly refusing to send event net.minecraftforge.client.event.TextureStitchEvent$Pre to a broken mod state
[29Oct2022 23:45:07.652] [Worker-Main-9/ERROR] [net.minecraftforge.fml.ModLoader/]: Cowardly refusing to send event net.minecraftforge.client.event.TextureStitchEvent$Pre to a broken mod state
[29Oct2022 23:45:07.830] [Render thread/INFO] [net.minecraft.client.audio.SoundSystem/]: OpenAL initialized.
[29Oct2022 23:45:07.831] [Render thread/INFO] [net.minecraft.client.audio.SoundEngine/SOUNDS]: Sound engine started
[29Oct2022 23:45:08.155] [Render thread/INFO] [net.minecraft.client.renderer.texture.AtlasTexture/]: Created: 1024x512x4 minecraft:textures/atlas/blocks.png-atlas
[29Oct2022 23:45:08.401] [Render thread/ERROR] [net.minecraftforge.fml.ModLoader/]: Cowardly refusing to send event net.minecraftforge.client.event.TextureStitchEvent$Post to a broken mod state
[29Oct2022 23:45:08.402] [Render thread/INFO] [net.minecraft.client.renderer.texture.AtlasTexture/]: Created: 256x128x4 minecraft:textures/atlas/signs.png-atlas
[29Oct2022 23:45:08.405] [Render thread/ERROR] [net.minecraftforge.fml.ModLoader/]: Cowardly refusing to send event net.minecraftforge.client.event.TextureStitchEvent$Post to a broken mod state
[29Oct2022 23:45:08.405] [Render thread/INFO] [net.minecraft.client.renderer.texture.AtlasTexture/]: Created: 512x512x4 minecraft:textures/atlas/banner_patterns.png-atlas
[29Oct2022 23:45:08.412] [Render thread/ERROR] [net.minecraftforge.fml.ModLoader/]: Cowardly refusing to send event net.minecraftforge.client.event.TextureStitchEvent$Post to a broken mod state
[29Oct2022 23:45:08.413] [Render thread/INFO] [net.minecraft.client.renderer.texture.AtlasTexture/]: Created: 512x512x4 minecraft:textures/atlas/shield_patterns.png-atlas
[29Oct2022 23:45:08.419] [Render thread/ERROR] [net.minecraftforge.fml.ModLoader/]: Cowardly refusing to send event net.minecraftforge.client.event.TextureStitchEvent$Post to a broken mod state
[29Oct2022 23:45:08.420] [Render thread/INFO] [net.minecraft.client.renderer.texture.AtlasTexture/]: Created: 256x256x4 minecraft:textures/atlas/chest.png-atlas
[29Oct2022 23:45:08.422] [Render thread/ERROR] [net.minecraftforge.fml.ModLoader/]: Cowardly refusing to send event net.minecraftforge.client.event.TextureStitchEvent$Post to a broken mod state
[29Oct2022 23:45:08.422] [Render thread/INFO] [net.minecraft.client.renderer.texture.AtlasTexture/]: Created: 512x256x4 minecraft:textures/atlas/beds.png-atlas
[29Oct2022 23:45:08.425] [Render thread/ERROR] [net.minecraftforge.fml.ModLoader/]: Cowardly refusing to send event net.minecraftforge.client.event.TextureStitchEvent$Post to a broken mod state
[29Oct2022 23:45:08.425] [Render thread/INFO] [net.minecraft.client.renderer.texture.AtlasTexture/]: Created: 512x256x4 minecraft:textures/atlas/shulker_boxes.png-atlas
[29Oct2022 23:45:08.428] [Render thread/ERROR] [net.minecraftforge.fml.ModLoader/]: Cowardly refusing to send event net.minecraftforge.client.event.TextureStitchEvent$Post to a broken mod state
[29Oct2022 23:45:08.899] [Render thread/ERROR] [net.minecraftforge.fml.ModLoader/]: Cowardly refusing to send event net.minecraftforge.client.event.ModelBakeEvent to a broken mod state
[29Oct2022 23:45:09.197] [Render thread/INFO] [net.minecraft.client.renderer.texture.AtlasTexture/]: Created: 256x256x0 minecraft:textures/atlas/particles.png-atlas
[29Oct2022 23:45:09.205] [Render thread/ERROR] [net.minecraftforge.fml.ModLoader/]: Cowardly refusing to send event net.minecraftforge.client.event.TextureStitchEvent$Post to a broken mod state
[29Oct2022 23:45:09.209] [Render thread/INFO] [net.minecraft.client.renderer.texture.AtlasTexture/]: Created: 256x256x0 minecraft:textures/atlas/paintings.png-atlas
[29Oct2022 23:45:09.214] [Render thread/ERROR] [net.minecraftforge.fml.ModLoader/]: Cowardly refusing to send event net.minecraftforge.client.event.TextureStitchEvent$Post to a broken mod state
[29Oct2022 23:45:09.216] [Render thread/INFO] [net.minecraft.client.renderer.texture.AtlasTexture/]: Created: 128x128x0 minecraft:textures/atlas/mob_effects.png-atlas
[29Oct2022 23:45:09.220] [Render thread/ERROR] [net.minecraftforge.fml.ModLoader/]: Cowardly refusing to send event net.minecraftforge.client.event.TextureStitchEvent$Post to a broken mod state
[29Oct2022 23:45:09.300] [Render thread/INFO] [STDOUT/]: [net.minecraft.crash.CrashReport:func_85057_a:196]: Negative index in crash report handler (34/36)
[29Oct2022 23:45:09.338] [Render thread/FATAL] [net.minecraftforge.fml.client.ClientModLoader/]: Crash report saved to C:\Users\nc471\AppData\Roaming\PrismLauncher\instances\WingMingCraft\.minecraft\crash-reports\crash-2022-10-29_23.45.09-fml.txt
[29Oct2022 23:45:13.352] [Render thread/INFO] [net.minecraft.client.Minecraft/]: Stopping!
