[20:57:17] [Render thread/INFO] [JMLogger] JourneyMap log initialized.
[20:57:17] [Render thread/INFO] [JourneymapClient] initialize ENTER
[20:57:17] [Render thread/INFO] [ClientAPI] [ClientAPI] built with JourneyMap API 1.8-SNAPSHOT
[20:57:17] [Render thread/INFO] [PluginHelper] Initializing plugins with Client API: journeymap.client.api.impl.ClientAPI
[20:57:17] [Render thread/INFO] [PluginHelper] Initialized IClientPlugin: net.blay09.mods.waystones.compat.JourneyMapAddon
[20:57:17] [Render thread/DEBUG] [JourneymapClient] Loading and Generating Journeymap configs
[20:57:17] [Render thread/WARN] [PropertiesBase] core (Initialized) Bad configField entry during updateFrom(): optionsManagerViewed=null
[20:57:17] [Render thread/WARN] [PropertiesBase] core (Initialized) Bad configField entry during updateFrom(): splashViewed=null
[20:57:17] [Render thread/INFO] [?] Version: JourneyMap 1.16.5-5.8.5p6, built with Forge 1.16.5-36.2.22
Forge: 36.2.39
Environment: os.name, os.arch, java.version, user.country, user.language=null, game language=en_us, locale=en_us
Features: 
	RadarPlayers : singleplayer = true , multiplayer = true
	RadarAnimals : singleplayer = true , multiplayer = true
	RadarMobs : singleplayer = true , multiplayer = true
	RadarVillagers : singleplayer = true , multiplayer = true
	MapTopo : singleplayer = true , multiplayer = true
	MapSurface : singleplayer = true , multiplayer = true
	MapCaves : singleplayer = true , multiplayer = true
	MapBiome : singleplayer = true , multiplayer = true
MiniMapProperties{state=Valid, file=journeymap.minimap.config, configVersion=5.8.5p6, zoomLevel=0, compassFontScale=1.0, terrainAlpha=100, showEntityNames=true, positionX=0.9, positionY=0.25, effectVertical=false, showPlayerHeading=true, sizePercent=30, playerDisplayScale=1.0, showDayNight=true, showPets=true, preferredMapType=day, showCompass=true, mobDisplay=jm.common.entity_display.dots, systemTimeRealFormat=HH:mm:ss, shape=jm.minimap.shape_circle, showSelf=true, selfDisplayScale=1.0, showGrid=true, reticleOrientation=jm.minimap.orientation.compass, gameTimeRealFormat=HH:mm:ss, effectTranslateX=-76, showWaypoints=true, minimapKeyMovementSpeed=0.001, showAnimals=true, infoSlotAlpha=0.7, effectTranslateY=0, showWaypointLabels=true, moveEffectIcons=true, position=jm.minimap.position_topright, fontScale=1.0, showPlayers=true, waypointIconScale=1.0, frameAlpha=100, effectReversed=false, backgroundAlpha=0.8, enabled=true, showVillagers=true, info2Label=jm.theme.labelsource.gametime, info3Label=jm.theme.labelsource.location, showMobs=true, waypointLabelScale=1.0, showReticle=true, orientation=jm.minimap.orientation.north, info4Label=jm.theme.labelsource.biome, locationFormat=xzyv, playerDisplay=jm.common.entity_display.dots, mobDisplayScale=1.0, showCaves=true, showMobHeading=true, locationFormatVerbose=true, info1Label=jm.theme.labelsource.blank}
MiniMapProperties{state=Valid, file=journeymap.minimap2.config, configVersion=5.8.5p6, zoomLevel=0, compassFontScale=1.0, terrainAlpha=100, showEntityNames=true, positionX=0.9, positionY=0.25, effectVertical=false, showPlayerHeading=true, sizePercent=30, playerDisplayScale=1.0, showDayNight=true, showPets=true, preferredMapType=day, showCompass=true, mobDisplay=jm.common.entity_display.dots, systemTimeRealFormat=HH:mm:ss, shape=jm.minimap.shape_rectangle, showSelf=true, selfDisplayScale=1.0, showGrid=true, reticleOrientation=jm.minimap.orientation.compass, gameTimeRealFormat=HH:mm:ss, effectTranslateX=0, showWaypoints=true, minimapKeyMovementSpeed=0.001, showAnimals=true, infoSlotAlpha=0.7, effectTranslateY=0, showWaypointLabels=true, moveEffectIcons=true, position=jm.minimap.position_topright, fontScale=1.0, showPlayers=true, waypointIconScale=1.0, frameAlpha=100, effectReversed=false, backgroundAlpha=0.8, enabled=true, showVillagers=true, info2Label=jm.theme.labelsource.gametime, info3Label=jm.theme.labelsource.location, showMobs=true, waypointLabelScale=1.0, showReticle=true, orientation=jm.minimap.orientation.north, info4Label=jm.theme.labelsource.biome, locationFormat=xzyv, playerDisplay=jm.common.entity_display.dots, mobDisplayScale=1.0, showCaves=true, showMobHeading=true, locationFormatVerbose=true, info1Label=jm.theme.labelsource.blank}
FullMapProperties{state=Valid, file=journeymap.fullmap.config, configVersion=5.8.5p6, zoomLevel=0, showPlayers=true, waypointIconScale=1.0, showEntityNames=true, showPlayerHeading=true, showVillagers=true, showPlayerLoc=true, showKeys=true, playerDisplayScale=1.0, showMobs=true, showPets=true, waypointLabelScale=1.0, preferredMapType=day, mobDisplay=jm.common.entity_display.dots, showSelf=true, locationFormat=xzyv, playerDisplay=jm.common.entity_display.dots, mobDisplayScale=1.0, selfDisplayScale=1.0, showGrid=true, showMouseLoc=true, showWaypoints=true, showCaves=true, showAnimals=true, dragScale=1, showMobHeading=true, showWaypointLabels=true, locationFormatVerbose=true, fontScale=1.0}
WaypointProperties{state=Valid, file=journeymap.waypoint.config, configVersion=5.8.5p6, autoRemoveDeathpointDistance=2, dateFormat=MM-dd-yyyy, autoRemoveDeathpoints=false, fullscreenDoubleClickToCreate=true, managerDimensionFocus=false, minDistance=4, boldLabel=false, textureSmall=true, showDeathpointlabel=true, beaconEnabled=true, createDeathpoints=true, showName=true, disableStrikeThrough=false, maxDistance=0, autoHideLabel=true, autoRemoveTempWaypoints=2, teleportCommand=/tp {name} {x} {y} {z}, showStaticBeam=true, timeFormat=HH:mm:ss, showDeviationLabel=false, showDistance=true, showRotatingBeam=true, fontScale=2.0, showTexture=true, managerEnabled=true}
WebMapProperties{state=Valid, file=journeymap.webmap.config, configVersion=5.8.5p6, port=8080, enabled=false}
CoreProperties{state=Valid, file=journeymap.core.config, configVersion=5.8.5p6, verboseColorPalette=false, maxPlayersData=32, mapSurfaceAboveCaves=true, dataCachingEnabled=true, optionsManagerViewed=null, announceMod=true, colorPassive=#bbbbbb, renderOverlayEventTypeName=ALL, mapBlendWater=false, renderDistanceSurfaceMax=0, seedId=false, radarVerticalDistance=16, mapBlendGrass=true, recordCacheStats=false, hideSneakingEntities=true, revealShape=jm.minimap.shape_circle, mapBiome=true, alwaysMapSurface=false, colorVillager=#88e188, mapPlants=false, colorPet=#0077ff, radarLateralDistance=64, mapBathymetry=false, mapCrops=true, maxMobsData=32, mapPlantShadows=false, alwaysMapCaves=false, checkUpdates=true, mapBlendFoliage=true, hideSpectators=false, mappingEnabled=true, colorPlayer=#ffffff, tileHighDisplayQuality=true, cacheVillagersData=2200, logLevel=INFO, maxVillagersData=32, mapWaterBiomeColors=false, maxAnimalsData=32, mapTransparency=true, tileRenderType=1, caveIgnoreGlass=true, mapTopography=true, renderDistanceCaveMax=0, mapAntialiasing=true, colorSelf=#0000ff, cachePlayersData=2000, cacheMobsData=3000, cachePlayerData=1000, splashViewed=null, colorHostile=#ff0000, cacheAnimalsData=3100, themeName=OceanMonument, mapCaveLighting=true, renderDelay=2, renderOverlayPreEvent=true, glErrorChecking=false, autoMapPoll=2000}
[20:57:17] [Render thread/DEBUG] [EventHandlerManager] Handler registered: journeymap.client.forge.event.KeyEventHandler
[20:57:17] [Render thread/DEBUG] [EventHandlerManager] Handler registered: journeymap.client.forge.event.ChatEventHandler
[20:57:17] [Render thread/DEBUG] [EventHandlerManager] Handler registered: journeymap.client.forge.event.StateTickHandler
[20:57:17] [Render thread/DEBUG] [EventHandlerManager] Handler registered: journeymap.client.forge.event.WorldEventHandler
[20:57:17] [Render thread/DEBUG] [EventHandlerManager] Handler registered: journeymap.client.forge.event.WaypointBeaconHandler
[20:57:17] [Render thread/DEBUG] [EventHandlerManager] Handler registered: journeymap.client.forge.event.TextureAtlasHandler
[20:57:17] [Render thread/DEBUG] [EventHandlerManager] Handler registered: journeymap.client.forge.event.MiniMapOverlayHandler
[20:57:17] [Render thread/DEBUG] [EventHandlerManager] Handler registered: journeymap.client.forge.event.PlayerConnectHandler
[20:57:17] [Render thread/DEBUG] [EventHandlerManager] Handler registered: journeymap.client.world.ChunkMonitor
[20:57:17] [Render thread/DEBUG] [EventHandlerManager] Handler registered: journeymap.client.forge.event.HudOverlayHandler
[20:57:17] [Render thread/DEBUG] [EventHandlerManager] Handler registered: journeymap.client.forge.event.PopupMenuEventHandler
[20:57:17] [Render thread/INFO] [JourneymapClient] initialize EXIT, elapsed count 1 avg 528.21ms
[20:57:29] [Render thread/INFO] [JourneymapClient] Journeymap PostInit
[20:57:29] [Render thread/DEBUG] [JourneymapClient] postInitialize ENTER
[20:57:29] [Render thread/TRACE] [ThemeLoader] Initializing themes ...
[20:57:29] [Render thread/INFO] [ThemeLoader] Preloaded theme textures: 73
[20:57:29] [Render thread/INFO] [JourneymapClient] postInitialize EXIT, elapsed count 1 avg 315.92ms
[20:59:36] [Server thread/INFO] [ForgeConfig] Loading JourneyMap Forge Configs
[20:59:36] [Thread-1/INFO] [ForgeConfig] Loading JourneyMap Forge Configs
[20:59:36] [Thread-1/INFO] [ForgeConfig] Loading JourneyMap Forge Configs
[20:59:51] [Server thread/INFO] [PropertiesBase] appliedenergistics2~spatial_storage (Initialized) Setting config file to version "5.8.5p6": journeymap.server.appliedenergistics2~spatial_storage.config
[20:59:51] [Server thread/INFO] [PropertiesBase] appliedenergistics2~spatial_storage (Valid) Creating config file: C:\Users\nc471\AppData\Roaming\PrismLauncher\instances\WingMingCraft\.minecraft\journeymap\server\5.8\journeymap.server.appliedenergistics2~spatial_storage.config
[21:00:07] [Render thread/WARN] [PropertiesBase] core (Initialized) Bad configField entry during updateFrom(): optionsManagerViewed=null
[21:00:07] [Render thread/WARN] [PropertiesBase] core (Initialized) Bad configField entry during updateFrom(): splashViewed=null
[21:00:07] [Render thread/INFO] [WaypointStore] Loaded 0 waypoints from C:\Users\nc471\AppData\Roaming\PrismLauncher\instances\WingMingCraft\.minecraft\journeymap\data\sp\TheSeks\waypoints
[21:00:07] [Render thread/INFO] [JourneymapClient] Mapping started in C:\Users\nc471\AppData\Roaming\PrismLauncher\instances\WingMingCraft\.minecraft\journeymap\data\sp\TheSeks\overworld. Memory: 5450MB total, 2329MB free 
[21:01:40] [Render thread/ERROR] [JMLogger] Can't get entityTexture for TranslatableComponent{key='entity.exoticbirds.heron', args=[], siblings=[], style=Style{ color=null, bold=null, italic=null, underlined=null, strikethrough=null, obfuscated=null, clickEvent=null, hoverEvent=null, insertion=null, font=minecraft:default}} (SUPPRESSED)
[21:01:40] [Render thread/ERROR] [JMLogger] Can't get entityTexture for TranslatableComponent{key='entity.aquaculture.bluegill', args=[], siblings=[], style=Style{ color=null, bold=null, italic=null, underlined=null, strikethrough=null, obfuscated=null, clickEvent=null, hoverEvent=null, insertion=null, font=minecraft:default}} (SUPPRESSED)
[21:01:40] [Render thread/ERROR] [JMLogger] Can't get entityTexture for TranslatableComponent{key='entity.aquaculture.perch', args=[], siblings=[], style=Style{ color=null, bold=null, italic=null, underlined=null, strikethrough=null, obfuscated=null, clickEvent=null, hoverEvent=null, insertion=null, font=minecraft:default}} (SUPPRESSED)
[21:01:40] [Render thread/ERROR] [JMLogger] Can't get entityTexture for TranslatableComponent{key='entity.exoticbirds.hummingbird', args=[], siblings=[], style=Style{ color=null, bold=null, italic=null, underlined=null, strikethrough=null, obfuscated=null, clickEvent=null, hoverEvent=null, insertion=null, font=minecraft:default}} (SUPPRESSED)
[21:01:40] [Render thread/ERROR] [JMLogger] Can't get entityTexture for TranslatableComponent{key='entity.betteranimalsplus.boar', args=[], siblings=[], style=Style{ color=null, bold=null, italic=null, underlined=null, strikethrough=null, obfuscated=null, clickEvent=null, hoverEvent=null, insertion=null, font=minecraft:default}} (SUPPRESSED)
[21:01:40] [Render thread/ERROR] [JMLogger] Can't get entityTexture for TranslatableComponent{key='entity.aquaculture.minnow', args=[], siblings=[], style=Style{ color=null, bold=null, italic=null, underlined=null, strikethrough=null, obfuscated=null, clickEvent=null, hoverEvent=null, insertion=null, font=minecraft:default}} (SUPPRESSED)
[21:01:40] [Render thread/INFO] [ChatLog] 
[21:01:44] [Render thread/ERROR] [JMLogger] Can't get entityTexture for TranslatableComponent{key='entity.alexsmobs.lobster', args=[], siblings=[], style=Style{ color=null, bold=null, italic=null, underlined=null, strikethrough=null, obfuscated=null, clickEvent=null, hoverEvent=null, insertion=null, font=minecraft:default}} (SUPPRESSED)
[21:01:44] [Render thread/ERROR] [JMLogger] Can't get entityTexture for TranslatableComponent{key='entity.aquaculture.smallmouth_bass', args=[], siblings=[], style=Style{ color=null, bold=null, italic=null, underlined=null, strikethrough=null, obfuscated=null, clickEvent=null, hoverEvent=null, insertion=null, font=minecraft:default}} (SUPPRESSED)
[21:01:44] [Render thread/ERROR] [JMLogger] Can't get entityTexture for TranslatableComponent{key='entity.aquaculture.gar', args=[], siblings=[], style=Style{ color=null, bold=null, italic=null, underlined=null, strikethrough=null, obfuscated=null, clickEvent=null, hoverEvent=null, insertion=null, font=minecraft:default}} (SUPPRESSED)
[21:02:05] [Render thread/ERROR] [JMLogger] Can't get entityTexture for TranslatableComponent{key='entity.alexsmobs.cockroach', args=[], siblings=[], style=Style{ color=null, bold=null, italic=null, underlined=null, strikethrough=null, obfuscated=null, clickEvent=null, hoverEvent=null, insertion=null, font=minecraft:default}} (SUPPRESSED)
[21:02:09] [Render thread/ERROR] [JMLogger] Can't get entityTexture for TranslatableComponent{key='entity.ars_nouveau.wilden_stalker', args=[], siblings=[], style=Style{ color=null, bold=null, italic=null, underlined=null, strikethrough=null, obfuscated=null, clickEvent=null, hoverEvent=null, insertion=null, font=minecraft:default}} (SUPPRESSED)
[21:02:19] [Render thread/ERROR] [JMLogger] Can't get entityTexture for TranslatableComponent{key='entity.betteranimalsplus.shark', args=[], siblings=[], style=Style{ color=null, bold=null, italic=null, underlined=null, strikethrough=null, obfuscated=null, clickEvent=null, hoverEvent=null, insertion=null, font=minecraft:default}} (SUPPRESSED)
[21:02:25] [Render thread/ERROR] [JMLogger] Can't get entityTexture for TranslatableComponent{key='entity.aquaculture.carp', args=[], siblings=[], style=Style{ color=null, bold=null, italic=null, underlined=null, strikethrough=null, obfuscated=null, clickEvent=null, hoverEvent=null, insertion=null, font=minecraft:default}} (SUPPRESSED)
[21:02:25] [Render thread/ERROR] [JMLogger] Can't get entityTexture for TranslatableComponent{key='entity.minecraft.dolphin', args=[], siblings=[], style=Style{ color=null, bold=null, italic=null, underlined=null, strikethrough=null, obfuscated=null, clickEvent=null, hoverEvent=null, insertion=null, font=minecraft:default}} (SUPPRESSED)
[21:02:25] [Render thread/ERROR] [JMLogger] Can't get entityTexture for TranslatableComponent{key='entity.aquaculture.brown_trout', args=[], siblings=[], style=Style{ color=null, bold=null, italic=null, underlined=null, strikethrough=null, obfuscated=null, clickEvent=null, hoverEvent=null, insertion=null, font=minecraft:default}} (SUPPRESSED)
[21:02:29] [Render thread/ERROR] [JMLogger] Can't get entityTexture for TranslatableComponent{key='entity.ars_nouveau.wilden_hunter', args=[], siblings=[], style=Style{ color=null, bold=null, italic=null, underlined=null, strikethrough=null, obfuscated=null, clickEvent=null, hoverEvent=null, insertion=null, font=minecraft:default}} (SUPPRESSED)
[21:02:38] [Render thread/ERROR] [JMLogger] Can't get entityTexture for TranslatableComponent{key='entity.minecraft.spider', args=[], siblings=[], style=Style{ color=null, bold=null, italic=null, underlined=null, strikethrough=null, obfuscated=null, clickEvent=null, hoverEvent=null, insertion=null, font=minecraft:default}} (SUPPRESSED)
[21:02:52] [Render thread/ERROR] [JMLogger] Can't get entityTexture for TranslatableComponent{key='entity.ars_nouveau.wilden_guardian', args=[], siblings=[], style=Style{ color=null, bold=null, italic=null, underlined=null, strikethrough=null, obfuscated=null, clickEvent=null, hoverEvent=null, insertion=null, font=minecraft:default}} (SUPPRESSED)
[21:03:40] [Render thread/ERROR] [JMLogger] Can't get entityTexture for TranslatableComponent{key='entity.aquaculture.muskellunge', args=[], siblings=[], style=Style{ color=null, bold=null, italic=null, underlined=null, strikethrough=null, obfuscated=null, clickEvent=null, hoverEvent=null, insertion=null, font=minecraft:default}} (SUPPRESSED)
[21:03:40] [Render thread/ERROR] [JMLogger] Can't get entityTexture for TranslatableComponent{key='entity.aquaculture.atlantic_herring', args=[], siblings=[], style=Style{ color=null, bold=null, italic=null, underlined=null, strikethrough=null, obfuscated=null, clickEvent=null, hoverEvent=null, insertion=null, font=minecraft:default}} (SUPPRESSED)
[21:03:40] [Render thread/ERROR] [JMLogger] Can't get entityTexture for TranslatableComponent{key='entity.aquaculture.jellyfish', args=[], siblings=[], style=Style{ color=null, bold=null, italic=null, underlined=null, strikethrough=null, obfuscated=null, clickEvent=null, hoverEvent=null, insertion=null, font=minecraft:default}} (SUPPRESSED)
[21:03:40] [Render thread/ERROR] [JMLogger] Can't get entityTexture for TranslatableComponent{key='entity.exoticbirds.robin', args=[], siblings=[], style=Style{ color=null, bold=null, italic=null, underlined=null, strikethrough=null, obfuscated=null, clickEvent=null, hoverEvent=null, insertion=null, font=minecraft:default}} (SUPPRESSED)
[21:03:45] [Render thread/ERROR] [JMLogger] Can't get entityTexture for TranslatableComponent{key='entity.aquaculture.red_grouper', args=[], siblings=[], style=Style{ color=null, bold=null, italic=null, underlined=null, strikethrough=null, obfuscated=null, clickEvent=null, hoverEvent=null, insertion=null, font=minecraft:default}} (SUPPRESSED)
[21:03:45] [Render thread/ERROR] [JMLogger] Can't get entityTexture for TranslatableComponent{key='entity.betteranimalsplus.songbird', args=[], siblings=[], style=Style{ color=null, bold=null, italic=null, underlined=null, strikethrough=null, obfuscated=null, clickEvent=null, hoverEvent=null, insertion=null, font=minecraft:default}} (SUPPRESSED)
[21:03:57] [Render thread/ERROR] [JMLogger] Can't get entityTexture for TranslatableComponent{key='entity.alexsmobs.cachalot_whale', args=[], siblings=[], style=Style{ color=null, bold=null, italic=null, underlined=null, strikethrough=null, obfuscated=null, clickEvent=null, hoverEvent=null, insertion=null, font=minecraft:default}} (SUPPRESSED)
[21:03:57] [Render thread/ERROR] [JMLogger] Can't get entityTexture for TranslatableComponent{key='entity.betteranimalsplus.jellyfish', args=[], siblings=[], style=Style{ color=null, bold=null, italic=null, underlined=null, strikethrough=null, obfuscated=null, clickEvent=null, hoverEvent=null, insertion=null, font=minecraft:default}} (SUPPRESSED)
[21:03:57] [Render thread/ERROR] [JMLogger] Can't get entityTexture for TranslatableComponent{key='entity.aquaculture.atlantic_halibut', args=[], siblings=[], style=Style{ color=null, bold=null, italic=null, underlined=null, strikethrough=null, obfuscated=null, clickEvent=null, hoverEvent=null, insertion=null, font=minecraft:default}} (SUPPRESSED)
[21:04:22] [Render thread/ERROR] [JMLogger] Can't get entityTexture for TranslatableComponent{key='entity.alexsmobs.fly', args=[], siblings=[], style=Style{ color=null, bold=null, italic=null, underlined=null, strikethrough=null, obfuscated=null, clickEvent=null, hoverEvent=null, insertion=null, font=minecraft:default}} (SUPPRESSED)
[21:05:35] [Render thread/ERROR] [JMLogger] Can't get entityTexture for TranslatableComponent{key='entity.alexsmobs.seal', args=[], siblings=[], style=Style{ color=null, bold=null, italic=null, underlined=null, strikethrough=null, obfuscated=null, clickEvent=null, hoverEvent=null, insertion=null, font=minecraft:default}} (SUPPRESSED)
[21:05:35] [Render thread/ERROR] [JMLogger] Can't get entityTexture for TranslatableComponent{key='entity.alexsmobs.seagull', args=[], siblings=[], style=Style{ color=null, bold=null, italic=null, underlined=null, strikethrough=null, obfuscated=null, clickEvent=null, hoverEvent=null, insertion=null, font=minecraft:default}} (SUPPRESSED)
[21:05:39] [Render thread/ERROR] [JMLogger] Can't get entityTexture for TranslatableComponent{key='entity.betteranimalsplus.turkey', args=[], siblings=[], style=Style{ color=null, bold=null, italic=null, underlined=null, strikethrough=null, obfuscated=null, clickEvent=null, hoverEvent=null, insertion=null, font=minecraft:default}} (SUPPRESSED)
[21:05:55] [Render thread/ERROR] [JMLogger] Can't get entityTexture for TranslatableComponent{key='entity.betteranimalsplus.whale', args=[], siblings=[], style=Style{ color=null, bold=null, italic=null, underlined=null, strikethrough=null, obfuscated=null, clickEvent=null, hoverEvent=null, insertion=null, font=minecraft:default}} (SUPPRESSED)
[21:06:09] [Render thread/ERROR] [JMLogger] Can't get entityTexture for TranslatableComponent{key='entity.alexsmobs.seagull', args=[], siblings=[], style=Style{ color=null, bold=null, italic=null, underlined=null, strikethrough=null, obfuscated=null, clickEvent=null, hoverEvent=null, insertion=null, font=minecraft:default}} (SUPPRESSED)
[21:06:09] [Render thread/ERROR] [JMLogger] Can't get entityTexture for TranslatableComponent{key='entity.betteranimalsplus.jellyfish', args=[], siblings=[], style=Style{ color=null, bold=null, italic=null, underlined=null, strikethrough=null, obfuscated=null, clickEvent=null, hoverEvent=null, insertion=null, font=minecraft:default}} (SUPPRESSED)
[21:06:09] [Render thread/ERROR] [JMLogger] Can't get entityTexture for TranslatableComponent{key='entity.betteranimalsplus.shark', args=[], siblings=[], style=Style{ color=null, bold=null, italic=null, underlined=null, strikethrough=null, obfuscated=null, clickEvent=null, hoverEvent=null, insertion=null, font=minecraft:default}} (SUPPRESSED)
[21:06:09] [Render thread/ERROR] [JMLogger] Can't get entityTexture for TranslatableComponent{key='entity.aquaculture.atlantic_herring', args=[], siblings=[], style=Style{ color=null, bold=null, italic=null, underlined=null, strikethrough=null, obfuscated=null, clickEvent=null, hoverEvent=null, insertion=null, font=minecraft:default}} (SUPPRESSED)
[21:06:09] [Render thread/ERROR] [JMLogger] Can't get entityTexture for TranslatableComponent{key='entity.aquaculture.jellyfish', args=[], siblings=[], style=Style{ color=null, bold=null, italic=null, underlined=null, strikethrough=null, obfuscated=null, clickEvent=null, hoverEvent=null, insertion=null, font=minecraft:default}} (SUPPRESSED)
[21:06:09] [Render thread/ERROR] [JMLogger] Can't get entityTexture for TranslatableComponent{key='entity.ars_nouveau.wilden_stalker', args=[], siblings=[], style=Style{ color=null, bold=null, italic=null, underlined=null, strikethrough=null, obfuscated=null, clickEvent=null, hoverEvent=null, insertion=null, font=minecraft:default}} (SUPPRESSED)
[21:06:13] [Render thread/ERROR] [JMLogger] Can't get entityTexture for TranslatableComponent{key='entity.betteranimalsplus.whale', args=[], siblings=[], style=Style{ color=null, bold=null, italic=null, underlined=null, strikethrough=null, obfuscated=null, clickEvent=null, hoverEvent=null, insertion=null, font=minecraft:default}} (SUPPRESSED)
[21:06:13] [Render thread/ERROR] [JMLogger] Can't get entityTexture for TranslatableComponent{key='entity.aquaculture.red_grouper', args=[], siblings=[], style=Style{ color=null, bold=null, italic=null, underlined=null, strikethrough=null, obfuscated=null, clickEvent=null, hoverEvent=null, insertion=null, font=minecraft:default}} (SUPPRESSED)
[21:06:13] [Render thread/ERROR] [JMLogger] Can't get entityTexture for TranslatableComponent{key='entity.betteranimalsplus.turkey', args=[], siblings=[], style=Style{ color=null, bold=null, italic=null, underlined=null, strikethrough=null, obfuscated=null, clickEvent=null, hoverEvent=null, insertion=null, font=minecraft:default}} (SUPPRESSED)
[21:06:13] [Render thread/ERROR] [JMLogger] Can't get entityTexture for TranslatableComponent{key='entity.alexsmobs.seal', args=[], siblings=[], style=Style{ color=null, bold=null, italic=null, underlined=null, strikethrough=null, obfuscated=null, clickEvent=null, hoverEvent=null, insertion=null, font=minecraft:default}} (SUPPRESSED)
[21:07:14] [Render thread/ERROR] [JMLogger] Can't get entityTexture for TranslatableComponent{key='entity.minecraft.squid', args=[], siblings=[], style=Style{ color=null, bold=null, italic=null, underlined=null, strikethrough=null, obfuscated=null, clickEvent=null, hoverEvent=null, insertion=null, font=minecraft:default}} (SUPPRESSED)
[21:07:14] [Render thread/ERROR] [JMLogger] Can't get entityTexture for TranslatableComponent{key='entity.minecraft.dolphin', args=[], siblings=[], style=Style{ color=null, bold=null, italic=null, underlined=null, strikethrough=null, obfuscated=null, clickEvent=null, hoverEvent=null, insertion=null, font=minecraft:default}} (SUPPRESSED)
[21:07:14] [Render thread/ERROR] [JMLogger] Can't get entityTexture for TranslatableComponent{key='entity.minecraft.cow', args=[], siblings=[], style=Style{ color=null, bold=null, italic=null, underlined=null, strikethrough=null, obfuscated=null, clickEvent=null, hoverEvent=null, insertion=null, font=minecraft:default}} (SUPPRESSED)
[21:07:14] [Render thread/ERROR] [JMLogger] Can't get entityTexture for TranslatableComponent{key='entity.alexsmobs.lobster', args=[], siblings=[], style=Style{ color=null, bold=null, italic=null, underlined=null, strikethrough=null, obfuscated=null, clickEvent=null, hoverEvent=null, insertion=null, font=minecraft:default}} (SUPPRESSED)
[21:07:18] [Render thread/ERROR] [JMLogger] Can't get entityTexture for TranslatableComponent{key='entity.alexsmobs.cockroach', args=[], siblings=[], style=Style{ color=null, bold=null, italic=null, underlined=null, strikethrough=null, obfuscated=null, clickEvent=null, hoverEvent=null, insertion=null, font=minecraft:default}} (SUPPRESSED)
[21:07:18] [Render thread/ERROR] [JMLogger] Can't get entityTexture for TranslatableComponent{key='entity.betteranimalsplus.goat', args=[], siblings=[], style=Style{ color=null, bold=null, italic=null, underlined=null, strikethrough=null, obfuscated=null, clickEvent=null, hoverEvent=null, insertion=null, font=minecraft:default}} (SUPPRESSED)
[21:07:24] [Render thread/ERROR] [JMLogger] Can't get entityTexture for TranslatableComponent{key='entity.alexsmobs.raccoon', args=[], siblings=[], style=Style{ color=null, bold=null, italic=null, underlined=null, strikethrough=null, obfuscated=null, clickEvent=null, hoverEvent=null, insertion=null, font=minecraft:default}} (SUPPRESSED)
[21:07:24] [Render thread/ERROR] [JMLogger] Can't get entityTexture for TranslatableComponent{key='entity.exoticbirds.robin', args=[], siblings=[], style=Style{ color=null, bold=null, italic=null, underlined=null, strikethrough=null, obfuscated=null, clickEvent=null, hoverEvent=null, insertion=null, font=minecraft:default}} (SUPPRESSED)
[21:07:51] [Render thread/ERROR] [JMLogger] Can't get entityTexture for TranslatableComponent{key='entity.betteranimalsplus.nautilus', args=[], siblings=[], style=Style{ color=null, bold=null, italic=null, underlined=null, strikethrough=null, obfuscated=null, clickEvent=null, hoverEvent=null, insertion=null, font=minecraft:default}} (SUPPRESSED)
[21:08:01] [Render thread/ERROR] [JMLogger] Can't get entityTexture for TranslatableComponent{key='entity.minecraft.spider', args=[], siblings=[], style=Style{ color=null, bold=null, italic=null, underlined=null, strikethrough=null, obfuscated=null, clickEvent=null, hoverEvent=null, insertion=null, font=minecraft:default}} (SUPPRESSED)
[21:08:54] [Render thread/ERROR] [JMLogger] Can't get entityTexture for TranslatableComponent{key='entity.alexsmobs.fly', args=[], siblings=[], style=Style{ color=null, bold=null, italic=null, underlined=null, strikethrough=null, obfuscated=null, clickEvent=null, hoverEvent=null, insertion=null, font=minecraft:default}} (SUPPRESSED)
[21:09:11] [Render thread/ERROR] [JMLogger] Can't get entityTexture for TranslatableComponent{key='entity.exoticbirds.duck', args=[], siblings=[], style=Style{ color=null, bold=null, italic=null, underlined=null, strikethrough=null, obfuscated=null, clickEvent=null, hoverEvent=null, insertion=null, font=minecraft:default}} (SUPPRESSED)
[21:09:11] [Render thread/ERROR] [JMLogger] Can't get entityTexture for TranslatableComponent{key='entity.betteranimalsplus.eel_saltwater', args=[], siblings=[], style=Style{ color=null, bold=null, italic=null, underlined=null, strikethrough=null, obfuscated=null, clickEvent=null, hoverEvent=null, insertion=null, font=minecraft:default}} (SUPPRESSED)
[21:09:16] [Render thread/ERROR] [JMLogger] Can't get entityTexture for TranslatableComponent{key='entity.betteranimalsplus.boar', args=[], siblings=[], style=Style{ color=null, bold=null, italic=null, underlined=null, strikethrough=null, obfuscated=null, clickEvent=null, hoverEvent=null, insertion=null, font=minecraft:default}} (SUPPRESSED)
[21:09:16] [Render thread/ERROR] [JMLogger] Can't get entityTexture for TranslatableComponent{key='entity.aquaculture.tuna', args=[], siblings=[], style=Style{ color=null, bold=null, italic=null, underlined=null, strikethrough=null, obfuscated=null, clickEvent=null, hoverEvent=null, insertion=null, font=minecraft:default}} (SUPPRESSED)
[21:09:16] [Render thread/ERROR] [JMLogger] Can't get entityTexture for TranslatableComponent{key='entity.alexsmobs.crow', args=[], siblings=[], style=Style{ color=null, bold=null, italic=null, underlined=null, strikethrough=null, obfuscated=null, clickEvent=null, hoverEvent=null, insertion=null, font=minecraft:default}} (SUPPRESSED)
[21:09:27] [JM-task-4/WARN] [StatTimer] SurfaceRenderer.renderSurface was slow: 1450.5352 (Warning limit reached)
[21:09:27] [JM-task-4/WARN] [StatTimer] SurfaceRenderer.renderSurface: Avg:     6.62ms, Min:     0.57ms, Max:    3919.11ms, Total:         84 sec, Count:    12737, Canceled:        0, Slow:       10
[21:09:28] [Render thread/ERROR] [JMLogger] Can't get entityTexture for TranslatableComponent{key='entity.exoticbirds.woodpecker', args=[], siblings=[], style=Style{ color=null, bold=null, italic=null, underlined=null, strikethrough=null, obfuscated=null, clickEvent=null, hoverEvent=null, insertion=null, font=minecraft:default}} (SUPPRESSED)
[21:09:33] [Render thread/ERROR] [JMLogger] Can't get entityTexture for TranslatableComponent{key='entity.exoticbirds.pigeon', args=[], siblings=[], style=Style{ color=null, bold=null, italic=null, underlined=null, strikethrough=null, obfuscated=null, clickEvent=null, hoverEvent=null, insertion=null, font=minecraft:default}} (SUPPRESSED)
[21:09:37] [Render thread/ERROR] [JMLogger] Can't get entityTexture for TranslatableComponent{key='entity.aquaculture.pollock', args=[], siblings=[], style=Style{ color=null, bold=null, italic=null, underlined=null, strikethrough=null, obfuscated=null, clickEvent=null, hoverEvent=null, insertion=null, font=minecraft:default}} (SUPPRESSED)
[21:09:37] [Render thread/ERROR] [JMLogger] Can't get entityTexture for TranslatableComponent{key='entity.aquaculture.atlantic_cod', args=[], siblings=[], style=Style{ color=null, bold=null, italic=null, underlined=null, strikethrough=null, obfuscated=null, clickEvent=null, hoverEvent=null, insertion=null, font=minecraft:default}} (SUPPRESSED)
[21:28:42] [Render thread/ERROR] [JMLogger] Can't get entityTexture for TranslatableComponent{key='entity.aquaculture.atlantic_halibut', args=[], siblings=[], style=Style{ color=null, bold=null, italic=null, underlined=null, strikethrough=null, obfuscated=null, clickEvent=null, hoverEvent=null, insertion=null, font=minecraft:default}} (SUPPRESSED)
[21:29:03] [Render thread/ERROR] [JMLogger] Can't get entityTexture for TranslatableComponent{key='entity.aquaculture.blackfish', args=[], siblings=[], style=Style{ color=null, bold=null, italic=null, underlined=null, strikethrough=null, obfuscated=null, clickEvent=null, hoverEvent=null, insertion=null, font=minecraft:default}} (SUPPRESSED)
[21:29:16] [Render thread/ERROR] [JMLogger] Can't get entityTexture for TranslatableComponent{key='entity.aquaculture.rainbow_trout', args=[], siblings=[], style=Style{ color=null, bold=null, italic=null, underlined=null, strikethrough=null, obfuscated=null, clickEvent=null, hoverEvent=null, insertion=null, font=minecraft:default}} (SUPPRESSED)
[21:29:23] [Render thread/ERROR] [JMLogger] Can't get entityTexture for TranslatableComponent{key='entity.minecraft.chicken', args=[], siblings=[], style=Style{ color=null, bold=null, italic=null, underlined=null, strikethrough=null, obfuscated=null, clickEvent=null, hoverEvent=null, insertion=null, font=minecraft:default}} (SUPPRESSED)
[21:31:08] [Render thread/ERROR] [JMLogger] Can't get entityTexture for TranslatableComponent{key='entity.alexsmobs.cachalot_whale', args=[], siblings=[], style=Style{ color=null, bold=null, italic=null, underlined=null, strikethrough=null, obfuscated=null, clickEvent=null, hoverEvent=null, insertion=null, font=minecraft:default}} (SUPPRESSED)
[21:31:20] [Render thread/ERROR] [JMLogger] Can't get entityTexture for TranslatableComponent{key='entity.alexsmobs.frilled_shark', args=[], siblings=[], style=Style{ color=null, bold=null, italic=null, underlined=null, strikethrough=null, obfuscated=null, clickEvent=null, hoverEvent=null, insertion=null, font=minecraft:default}} (SUPPRESSED)
[21:31:48] [Render thread/ERROR] [JMLogger] Can't get entityTexture for TranslatableComponent{key='entity.alexsmobs.lobster', args=[], siblings=[], style=Style{ color=null, bold=null, italic=null, underlined=null, strikethrough=null, obfuscated=null, clickEvent=null, hoverEvent=null, insertion=null, font=minecraft:default}} (SUPPRESSED)
[21:31:48] [Render thread/ERROR] [JMLogger] Can't get entityTexture for TranslatableComponent{key='entity.exoticbirds.pigeon', args=[], siblings=[], style=Style{ color=null, bold=null, italic=null, underlined=null, strikethrough=null, obfuscated=null, clickEvent=null, hoverEvent=null, insertion=null, font=minecraft:default}} (SUPPRESSED)
[21:31:48] [Render thread/ERROR] [JMLogger] Can't get entityTexture for TranslatableComponent{key='entity.aquaculture.rainbow_trout', args=[], siblings=[], style=Style{ color=null, bold=null, italic=null, underlined=null, strikethrough=null, obfuscated=null, clickEvent=null, hoverEvent=null, insertion=null, font=minecraft:default}} (SUPPRESSED)
[21:31:48] [Render thread/ERROR] [JMLogger] Can't get entityTexture for TranslatableComponent{key='entity.aquaculture.jellyfish', args=[], siblings=[], style=Style{ color=null, bold=null, italic=null, underlined=null, strikethrough=null, obfuscated=null, clickEvent=null, hoverEvent=null, insertion=null, font=minecraft:default}} (SUPPRESSED)
[21:31:51] [Render thread/ERROR] [JMLogger] Can't get entityTexture for TranslatableComponent{key='entity.aquaculture.atlantic_herring', args=[], siblings=[], style=Style{ color=null, bold=null, italic=null, underlined=null, strikethrough=null, obfuscated=null, clickEvent=null, hoverEvent=null, insertion=null, font=minecraft:default}} (SUPPRESSED)
[21:31:54] [Render thread/ERROR] [JMLogger] Can't get entityTexture for TranslatableComponent{key='entity.ars_nouveau.wilden_stalker', args=[], siblings=[], style=Style{ color=null, bold=null, italic=null, underlined=null, strikethrough=null, obfuscated=null, clickEvent=null, hoverEvent=null, insertion=null, font=minecraft:default}} (SUPPRESSED)
[21:32:19] [Render thread/ERROR] [JMLogger] Can't get entityTexture for TranslatableComponent{key='entity.aquaculture.pollock', args=[], siblings=[], style=Style{ color=null, bold=null, italic=null, underlined=null, strikethrough=null, obfuscated=null, clickEvent=null, hoverEvent=null, insertion=null, font=minecraft:default}} (SUPPRESSED)
[21:32:48] [Render thread/ERROR] [JMLogger] Can't get entityTexture for TranslatableComponent{key='entity.rats.rat', args=[], siblings=[], style=Style{ color=null, bold=null, italic=null, underlined=null, strikethrough=null, obfuscated=null, clickEvent=null, hoverEvent=null, insertion=null, font=minecraft:default}} (SUPPRESSED)
[21:32:51] [Render thread/ERROR] [JMLogger] Can't get entityTexture for TranslatableComponent{key='entity.minecraft.spider', args=[], siblings=[], style=Style{ color=null, bold=null, italic=null, underlined=null, strikethrough=null, obfuscated=null, clickEvent=null, hoverEvent=null, insertion=null, font=minecraft:default}} (SUPPRESSED)
[21:32:56] [Render thread/ERROR] [JMLogger] Can't get entityTexture for TranslatableComponent{key='entity.alexsmobs.cachalot_whale', args=[], siblings=[], style=Style{ color=null, bold=null, italic=null, underlined=null, strikethrough=null, obfuscated=null, clickEvent=null, hoverEvent=null, insertion=null, font=minecraft:default}} (SUPPRESSED)
[21:32:56] [Render thread/ERROR] [JMLogger] Can't get entityTexture for TranslatableComponent{key='entity.minecraft.squid', args=[], siblings=[], style=Style{ color=null, bold=null, italic=null, underlined=null, strikethrough=null, obfuscated=null, clickEvent=null, hoverEvent=null, insertion=null, font=minecraft:default}} (SUPPRESSED)
[21:34:00] [Render thread/ERROR] [JMLogger] Can't get entityTexture for TranslatableComponent{key='entity.betteranimalsplus.jellyfish', args=[], siblings=[], style=Style{ color=null, bold=null, italic=null, underlined=null, strikethrough=null, obfuscated=null, clickEvent=null, hoverEvent=null, insertion=null, font=minecraft:default}} (SUPPRESSED)
[21:34:00] [Render thread/ERROR] [JMLogger] Can't get entityTexture for TranslatableComponent{key='entity.aquaculture.red_grouper', args=[], siblings=[], style=Style{ color=null, bold=null, italic=null, underlined=null, strikethrough=null, obfuscated=null, clickEvent=null, hoverEvent=null, insertion=null, font=minecraft:default}} (SUPPRESSED)
[21:34:00] [Render thread/ERROR] [JMLogger] Can't get entityTexture for TranslatableComponent{key='entity.aquaculture.atlantic_cod', args=[], siblings=[], style=Style{ color=null, bold=null, italic=null, underlined=null, strikethrough=null, obfuscated=null, clickEvent=null, hoverEvent=null, insertion=null, font=minecraft:default}} (SUPPRESSED)
[21:34:00] [Render thread/ERROR] [JMLogger] Can't get entityTexture for TranslatableComponent{key='entity.ars_nouveau.wilden_hunter', args=[], siblings=[], style=Style{ color=null, bold=null, italic=null, underlined=null, strikethrough=null, obfuscated=null, clickEvent=null, hoverEvent=null, insertion=null, font=minecraft:default}} (SUPPRESSED)
[21:34:04] [Render thread/ERROR] [JMLogger] Can't get entityTexture for TranslatableComponent{key='entity.minecraft.silverfish', args=[], siblings=[], style=Style{ color=null, bold=null, italic=null, underlined=null, strikethrough=null, obfuscated=null, clickEvent=null, hoverEvent=null, insertion=null, font=minecraft:default}} (SUPPRESSED)
[21:35:32] [Render thread/ERROR] [JMLogger] Can't get entityTexture for TranslatableComponent{key='entity.alexsmobs.blobfish', args=[], siblings=[], style=Style{ color=null, bold=null, italic=null, underlined=null, strikethrough=null, obfuscated=null, clickEvent=null, hoverEvent=null, insertion=null, font=minecraft:default}} (SUPPRESSED)
[21:35:35] [Render thread/ERROR] [JMLogger] Can't get entityTexture for TranslatableComponent{key='entity.betteranimalsplus.nautilus', args=[], siblings=[], style=Style{ color=null, bold=null, italic=null, underlined=null, strikethrough=null, obfuscated=null, clickEvent=null, hoverEvent=null, insertion=null, font=minecraft:default}} (SUPPRESSED)
[21:36:00] [Render thread/ERROR] [JMLogger] Can't get entityTexture for TranslatableComponent{key='entity.aquaculture.jellyfish', args=[], siblings=[], style=Style{ color=null, bold=null, italic=null, underlined=null, strikethrough=null, obfuscated=null, clickEvent=null, hoverEvent=null, insertion=null, font=minecraft:default}} (SUPPRESSED)
[21:36:00] [Render thread/ERROR] [JMLogger] Can't get entityTexture for TranslatableComponent{key='entity.aquaculture.rainbow_trout', args=[], siblings=[], style=Style{ color=null, bold=null, italic=null, underlined=null, strikethrough=null, obfuscated=null, clickEvent=null, hoverEvent=null, insertion=null, font=minecraft:default}} (SUPPRESSED)
[21:36:00] [Render thread/ERROR] [JMLogger] Can't get entityTexture for TranslatableComponent{key='entity.aquaculture.atlantic_herring', args=[], siblings=[], style=Style{ color=null, bold=null, italic=null, underlined=null, strikethrough=null, obfuscated=null, clickEvent=null, hoverEvent=null, insertion=null, font=minecraft:default}} (SUPPRESSED)
[21:36:00] [Render thread/ERROR] [JMLogger] Can't get entityTexture for TranslatableComponent{key='entity.betteranimalsplus.jellyfish', args=[], siblings=[], style=Style{ color=null, bold=null, italic=null, underlined=null, strikethrough=null, obfuscated=null, clickEvent=null, hoverEvent=null, insertion=null, font=minecraft:default}} (SUPPRESSED)
[21:36:00] [Render thread/ERROR] [JMLogger] Can't get entityTexture for TranslatableComponent{key='entity.betteranimalsplus.nautilus', args=[], siblings=[], style=Style{ color=null, bold=null, italic=null, underlined=null, strikethrough=null, obfuscated=null, clickEvent=null, hoverEvent=null, insertion=null, font=minecraft:default}} (SUPPRESSED)
[21:36:00] [Render thread/ERROR] [JMLogger] Can't get entityTexture for TranslatableComponent{key='entity.aquaculture.red_grouper', args=[], siblings=[], style=Style{ color=null, bold=null, italic=null, underlined=null, strikethrough=null, obfuscated=null, clickEvent=null, hoverEvent=null, insertion=null, font=minecraft:default}} (SUPPRESSED)
[21:36:00] [Render thread/ERROR] [JMLogger] Can't get entityTexture for TranslatableComponent{key='entity.minecraft.silverfish', args=[], siblings=[], style=Style{ color=null, bold=null, italic=null, underlined=null, strikethrough=null, obfuscated=null, clickEvent=null, hoverEvent=null, insertion=null, font=minecraft:default}} (SUPPRESSED)
[21:36:00] [Render thread/ERROR] [JMLogger] Can't get entityTexture for TranslatableComponent{key='entity.ars_nouveau.wilden_hunter', args=[], siblings=[], style=Style{ color=null, bold=null, italic=null, underlined=null, strikethrough=null, obfuscated=null, clickEvent=null, hoverEvent=null, insertion=null, font=minecraft:default}} (SUPPRESSED)
[21:36:00] [Render thread/ERROR] [JMLogger] Can't get entityTexture for TranslatableComponent{key='entity.ars_nouveau.wilden_stalker', args=[], siblings=[], style=Style{ color=null, bold=null, italic=null, underlined=null, strikethrough=null, obfuscated=null, clickEvent=null, hoverEvent=null, insertion=null, font=minecraft:default}} (SUPPRESSED)
[21:36:00] [Render thread/ERROR] [JMLogger] Can't get entityTexture for TranslatableComponent{key='entity.minecraft.spider', args=[], siblings=[], style=Style{ color=null, bold=null, italic=null, underlined=null, strikethrough=null, obfuscated=null, clickEvent=null, hoverEvent=null, insertion=null, font=minecraft:default}} (SUPPRESSED)
[21:36:07] [Render thread/ERROR] [JMLogger] Can't get entityTexture for TranslatableComponent{key='entity.aquaculture.blackfish', args=[], siblings=[], style=Style{ color=null, bold=null, italic=null, underlined=null, strikethrough=null, obfuscated=null, clickEvent=null, hoverEvent=null, insertion=null, font=minecraft:default}} (SUPPRESSED)
[21:36:44] [Render thread/ERROR] [JMLogger] Can't get entityTexture for TranslatableComponent{key='entity.alexsmobs.orca', args=[], siblings=[], style=Style{ color=null, bold=null, italic=null, underlined=null, strikethrough=null, obfuscated=null, clickEvent=null, hoverEvent=null, insertion=null, font=minecraft:default}} (SUPPRESSED)
[21:36:44] [Render thread/ERROR] [JMLogger] Can't get entityTexture for TranslatableComponent{key='entity.alexsmobs.fly', args=[], siblings=[], style=Style{ color=null, bold=null, italic=null, underlined=null, strikethrough=null, obfuscated=null, clickEvent=null, hoverEvent=null, insertion=null, font=minecraft:default}} (SUPPRESSED)
[21:37:14] [Render thread/ERROR] [JMLogger] Can't get entityTexture for TranslatableComponent{key='entity.aquaculture.pollock', args=[], siblings=[], style=Style{ color=null, bold=null, italic=null, underlined=null, strikethrough=null, obfuscated=null, clickEvent=null, hoverEvent=null, insertion=null, font=minecraft:default}} (SUPPRESSED)
[21:37:17] [Render thread/ERROR] [JMLogger] Can't get entityTexture for TranslatableComponent{key='entity.aquaculture.pacific_halibut', args=[], siblings=[], style=Style{ color=null, bold=null, italic=null, underlined=null, strikethrough=null, obfuscated=null, clickEvent=null, hoverEvent=null, insertion=null, font=minecraft:default}} (SUPPRESSED)
[21:37:22] [Render thread/ERROR] [JMLogger] Can't get entityTexture for TranslatableComponent{key='entity.aquaculture.tuna', args=[], siblings=[], style=Style{ color=null, bold=null, italic=null, underlined=null, strikethrough=null, obfuscated=null, clickEvent=null, hoverEvent=null, insertion=null, font=minecraft:default}} (SUPPRESSED)
[21:37:33] [Render thread/ERROR] [JMLogger] Can't get entityTexture for TranslatableComponent{key='entity.exoticbirds.pigeon', args=[], siblings=[], style=Style{ color=null, bold=null, italic=null, underlined=null, strikethrough=null, obfuscated=null, clickEvent=null, hoverEvent=null, insertion=null, font=minecraft:default}} (SUPPRESSED)
[21:38:18] [Render thread/ERROR] [JMLogger] Can't get entityTexture for TranslatableComponent{key='entity.alexsmobs.lobster', args=[], siblings=[], style=Style{ color=null, bold=null, italic=null, underlined=null, strikethrough=null, obfuscated=null, clickEvent=null, hoverEvent=null, insertion=null, font=minecraft:default}} (SUPPRESSED)
[21:38:18] [Render thread/ERROR] [JMLogger] Can't get entityTexture for TranslatableComponent{key='entity.aquaculture.atlantic_halibut', args=[], siblings=[], style=Style{ color=null, bold=null, italic=null, underlined=null, strikethrough=null, obfuscated=null, clickEvent=null, hoverEvent=null, insertion=null, font=minecraft:default}} (SUPPRESSED)
[21:38:26] [Render thread/ERROR] [JMLogger] Can't get entityTexture for TranslatableComponent{key='entity.aquaculture.atlantic_cod', args=[], siblings=[], style=Style{ color=null, bold=null, italic=null, underlined=null, strikethrough=null, obfuscated=null, clickEvent=null, hoverEvent=null, insertion=null, font=minecraft:default}} (SUPPRESSED)
[21:39:13] [Render thread/ERROR] [JMLogger] Can't get entityTexture for TranslatableComponent{key='entity.alexsmobs.cockroach', args=[], siblings=[], style=Style{ color=null, bold=null, italic=null, underlined=null, strikethrough=null, obfuscated=null, clickEvent=null, hoverEvent=null, insertion=null, font=minecraft:default}} (SUPPRESSED)
[21:39:19] [Render thread/ERROR] [JMLogger] Can't get entityTexture for TranslatableComponent{key='entity.aquaculture.pink_salmon', args=[], siblings=[], style=Style{ color=null, bold=null, italic=null, underlined=null, strikethrough=null, obfuscated=null, clickEvent=null, hoverEvent=null, insertion=null, font=minecraft:default}} (SUPPRESSED)
[21:39:31] [Render thread/INFO] [JourneymapClient] Mapping halted in C:\Users\nc471\AppData\Roaming\PrismLauncher\instances\WingMingCraft\.minecraft\journeymap\data\mp\offline\minecraft:overworld
